2018/01/08 23:51:42 INFO  - jmeter.util.JMeterUtils: Setting Locale to ru_RU 
2018/01/08 23:51:42 ERROR - jmeter.util.JMeterUtils: Could not find resources for 'ru_RU' 
2018/01/08 23:51:42 INFO  - jmeter.JMeter: Loading user properties from: /usr/share/jmeter/bin/user.properties 
2018/01/08 23:51:42 INFO  - jmeter.JMeter: Loading system properties from: /usr/share/jmeter/bin/system.properties 
2018/01/08 23:51:42 INFO  - jmeter.JMeter: Setting JMeter property: jmeter.save.saveservice.default_delimiter=\t 
2018/01/08 23:51:42 INFO  - jmeter.JMeter: Setting JMeter property: jmeter.save.saveservice.connect_time=true 
2018/01/08 23:51:42 INFO  - jmeter.JMeter: Copyright (c) 1998-2014 The Apache Software Foundation 
2018/01/08 23:51:42 INFO  - jmeter.JMeter: Version 2.11.20151206 
2018/01/08 23:51:42 INFO  - jmeter.JMeter: java.version=1.8.0_151 
2018/01/08 23:51:42 INFO  - jmeter.JMeter: java.vm.name=OpenJDK 64-Bit Server VM 
2018/01/08 23:51:42 INFO  - jmeter.JMeter: os.name=Linux 
2018/01/08 23:51:42 INFO  - jmeter.JMeter: os.arch=amd64 
2018/01/08 23:51:42 INFO  - jmeter.JMeter: os.version=4.4.0-79-generic 
2018/01/08 23:51:42 INFO  - jmeter.JMeter: file.encoding=UTF-8 
2018/01/08 23:51:42 INFO  - jmeter.JMeter: Default Locale=русский (Россия) 
2018/01/08 23:51:42 INFO  - jmeter.JMeter: JMeter  Locale=русский (Россия) 
2018/01/08 23:51:42 INFO  - jmeter.JMeter: JMeterHome=/usr/share/jmeter 
2018/01/08 23:51:42 INFO  - jmeter.JMeter: user.dir  =/home/iters/high-dynamic/4 threads/GET/2_3 replicas/with_repeats 
2018/01/08 23:51:42 INFO  - jmeter.JMeter: PWD       =/home/iters/high-dynamic/4 threads/GET/2_3 replicas/with_repeats 
2018/01/08 23:51:42 INFO  - jmeter.JMeter: IP: 127.0.1.1 Name: iters-HP-Notebook FullName: iters-HP-Notebook 
2018/01/08 23:51:42 INFO  - jmeter.services.FileServer: Default base='/home/iters/high-dynamic/4 threads/GET/2_3 replicas/with_repeats' 
2018/01/08 23:51:42 INFO  - jmeter.services.FileServer: Set new base='/home/iters/high-dynamic/4 threads/GET/2_3 replicas/with_repeats' 
2018/01/08 23:51:42 INFO  - jmeter.JMeter: Loading file: /home/iters/high-dynamic/4 threads/GET/2_3 replicas/with_repeats/modified_Hh_wi5.jmx 
2018/01/08 23:51:42 INFO  - jmeter.save.SaveService: Testplan (JMX) version: 2.2. Testlog (JTL) version: 2.2 
2018/01/08 23:51:42 INFO  - jmeter.save.SaveService: Using SaveService properties file encoding UTF-8 
2018/01/08 23:51:42 INFO  - jmeter.save.SaveService: Using SaveService properties version 2.6 
2018/01/08 23:51:42 INFO  - jmeter.save.SaveService: Using SaveService properties file version 1554411 
2018/01/08 23:51:42 INFO  - jmeter.save.SaveService: All converter versions present and correct 
2018/01/08 23:51:42 INFO  - jmeter.protocol.http.sampler.HTTPSamplerBase: Cannot find .className property for htmlParser, using default 
2018/01/08 23:51:42 INFO  - jmeter.protocol.http.sampler.HTTPSamplerBase: Parser for text/html is  
2018/01/08 23:51:42 INFO  - jmeter.protocol.http.sampler.HTTPSamplerBase: Parser for application/xhtml+xml is  
2018/01/08 23:51:42 INFO  - jmeter.protocol.http.sampler.HTTPSamplerBase: Parser for application/xml is  
2018/01/08 23:51:42 INFO  - jmeter.protocol.http.sampler.HTTPSamplerBase: Parser for text/xml is  
2018/01/08 23:51:42 INFO  - jmeter.protocol.http.sampler.HTTPSamplerBase: Parser for text/vnd.wap.wml is org.apache.jmeter.protocol.http.parser.RegexpHTMLParser 
2018/01/08 23:51:43 INFO  - jmeter.JMeter: Creating summariser <summary> 
2018/01/08 23:51:43 INFO  - jmeter.engine.StandardJMeterEngine: Listeners will be started after enabling running version 
2018/01/08 23:51:43 INFO  - jmeter.engine.StandardJMeterEngine: To revert to the earlier behaviour, define jmeterengine.startlistenerslater=false 
2018/01/08 23:51:43 INFO  - jmeter.engine.StandardJMeterEngine: Running the test! 
2018/01/08 23:51:43 INFO  - jmeter.samplers.SampleEvent: List of sample_variables: [] 
2018/01/08 23:51:43 INFO  - jmeter.samplers.SampleEvent: List of sample_variables: [] 
2018/01/08 23:51:43 INFO  - jmeter.engine.util.CompoundVariable: Note: Function class names must contain the string: '.functions.' 
2018/01/08 23:51:43 INFO  - jmeter.engine.util.CompoundVariable: Note: Function class names must not contain the string: '.gui.' 
2018/01/08 23:51:43 INFO  - jmeter.JMeter: Running test (1515444703525) 
2018/01/08 23:51:43 INFO  - jmeter.engine.StandardJMeterEngine: Starting ThreadGroup: 1 : Thread Group 
2018/01/08 23:51:43 INFO  - jmeter.engine.StandardJMeterEngine: Starting 4 threads for group Thread Group. 
2018/01/08 23:51:43 INFO  - jmeter.engine.StandardJMeterEngine: Thread will continue on error 
2018/01/08 23:51:43 INFO  - jmeter.threads.ThreadGroup: Starting thread group number 1 threads 4 ramp-up 0 perThread 0.0 delayedStart=false 
2018/01/08 23:51:43 INFO  - jmeter.threads.JMeterThread: jmeterthread.startearlier=true (see jmeter.properties) 
2018/01/08 23:51:43 INFO  - jmeter.threads.JMeterThread: Running PostProcessors in forward order 
2018/01/08 23:51:43 INFO  - jmeter.threads.JMeterThread: Thread started: Thread Group 1-1 
2018/01/08 23:51:43 INFO  - jmeter.threads.JMeterThread: Thread started: Thread Group 1-2 
2018/01/08 23:51:43 INFO  - jmeter.protocol.http.sampler.HTTPHCAbstractImpl: Local host = iters-HP-Notebook 
2018/01/08 23:51:43 INFO  - jmeter.protocol.http.sampler.HTTPHC4Impl: HTTP request retry count = 0 
2018/01/08 23:51:43 INFO  - jmeter.threads.JMeterThread: Thread started: Thread Group 1-3 
2018/01/08 23:51:43 INFO  - jmeter.protocol.http.sampler.HTTPHC4Impl: Setting up HTTPS TrustAll scheme 
2018/01/08 23:51:43 INFO  - jmeter.threads.ThreadGroup: Started thread group number 1 
2018/01/08 23:51:43 INFO  - jmeter.engine.StandardJMeterEngine: All thread groups have been started 
2018/01/08 23:51:43 INFO  - jmeter.threads.JMeterThread: Thread started: Thread Group 1-4 
2018/01/08 23:51:43 INFO  - jmeter.util.JsseSSLManager: Using default SSL protocol: TLS 
2018/01/08 23:51:43 INFO  - jmeter.util.JsseSSLManager: SSL session context: per-thread 
2018/01/08 23:51:44 INFO  - jmeter.samplers.SampleResult: Note: Sample TimeStamps are START times 
2018/01/08 23:51:44 INFO  - jmeter.samplers.SampleResult: sampleresult.default.encoding is set to ISO-8859-1 
2018/01/08 23:51:44 INFO  - jmeter.samplers.SampleResult: sampleresult.useNanoTime=true 
2018/01/08 23:51:44 INFO  - jmeter.samplers.SampleResult: sampleresult.nanoThreadSleep=5000 
2018/01/08 23:52:00 INFO  - jmeter.reporters.Summariser: summary +   5680 in  15,5s =  367,4/s Avg:     7 Min:     0 Max:   300 Err:  5680 (100,00%) Active: 4 Started: 4 Finished: 0 
2018/01/08 23:52:30 INFO  - jmeter.reporters.Summariser: summary +  40601 in    30s = 1353,3/s Avg:     2 Min:     0 Max:    47 Err: 40601 (100,00%) Active: 4 Started: 4 Finished: 0 
2018/01/08 23:52:30 INFO  - jmeter.reporters.Summariser: summary =  46281 in  45,5s = 1018,1/s Avg:     2 Min:     0 Max:   300 Err: 46281 (100,00%) 
2018/01/08 23:53:00 INFO  - jmeter.reporters.Summariser: summary +  50611 in    30s = 1686,1/s Avg:     1 Min:     0 Max:    79 Err: 50611 (100,00%) Active: 4 Started: 4 Finished: 0 
2018/01/08 23:53:00 INFO  - jmeter.reporters.Summariser: summary =  96892 in  75,5s = 1283,8/s Avg:     2 Min:     0 Max:   300 Err: 96892 (100,00%) 
2018/01/08 23:53:30 INFO  - jmeter.reporters.Summariser: summary +  53173 in    30s = 1772,1/s Avg:     1 Min:     0 Max:    45 Err: 53173 (100,00%) Active: 4 Started: 4 Finished: 0 
2018/01/08 23:53:30 INFO  - jmeter.reporters.Summariser: summary = 150065 in   105s = 1423,0/s Avg:     1 Min:     0 Max:   300 Err: 150065 (100,00%) 
2018/01/08 23:53:45 INFO  - jmeter.reporters.ResultCollector: Shutdown hook started 
2018/01/08 23:53:45 INFO  - jmeter.reporters.ResultCollector: Shutdown hook ended 
