2018/01/08 23:25:24 INFO  - jmeter.util.JMeterUtils: Setting Locale to ru_RU 
2018/01/08 23:25:25 ERROR - jmeter.util.JMeterUtils: Could not find resources for 'ru_RU' 
2018/01/08 23:25:25 INFO  - jmeter.JMeter: Loading user properties from: /usr/share/jmeter/bin/user.properties 
2018/01/08 23:25:25 INFO  - jmeter.JMeter: Loading system properties from: /usr/share/jmeter/bin/system.properties 
2018/01/08 23:25:25 INFO  - jmeter.JMeter: Setting JMeter property: jmeter.save.saveservice.default_delimiter=\t 
2018/01/08 23:25:25 INFO  - jmeter.JMeter: Setting JMeter property: jmeter.save.saveservice.connect_time=true 
2018/01/08 23:25:25 INFO  - jmeter.JMeter: Copyright (c) 1998-2014 The Apache Software Foundation 
2018/01/08 23:25:25 INFO  - jmeter.JMeter: Version 2.11.20151206 
2018/01/08 23:25:25 INFO  - jmeter.JMeter: java.version=1.8.0_151 
2018/01/08 23:25:25 INFO  - jmeter.JMeter: java.vm.name=OpenJDK 64-Bit Server VM 
2018/01/08 23:25:25 INFO  - jmeter.JMeter: os.name=Linux 
2018/01/08 23:25:25 INFO  - jmeter.JMeter: os.arch=amd64 
2018/01/08 23:25:25 INFO  - jmeter.JMeter: os.version=4.4.0-79-generic 
2018/01/08 23:25:25 INFO  - jmeter.JMeter: file.encoding=UTF-8 
2018/01/08 23:25:25 INFO  - jmeter.JMeter: Default Locale=русский (Россия) 
2018/01/08 23:25:25 INFO  - jmeter.JMeter: JMeter  Locale=русский (Россия) 
2018/01/08 23:25:25 INFO  - jmeter.JMeter: JMeterHome=/usr/share/jmeter 
2018/01/08 23:25:25 INFO  - jmeter.JMeter: user.dir  =/home/iters/high-dynamic/4 threads/GET/2_3 replicas/without_repeats 
2018/01/08 23:25:25 INFO  - jmeter.JMeter: PWD       =/home/iters/high-dynamic/4 threads/GET/2_3 replicas/without_repeats 
2018/01/08 23:25:25 INFO  - jmeter.JMeter: IP: 127.0.1.1 Name: iters-HP-Notebook FullName: iters-HP-Notebook 
2018/01/08 23:25:25 INFO  - jmeter.services.FileServer: Default base='/home/iters/high-dynamic/4 threads/GET/2_3 replicas/without_repeats' 
2018/01/08 23:25:25 INFO  - jmeter.services.FileServer: Set new base='/home/iters/high-dynamic/4 threads/GET/2_3 replicas/without_repeats' 
2018/01/08 23:25:25 INFO  - jmeter.JMeter: Loading file: /home/iters/high-dynamic/4 threads/GET/2_3 replicas/without_repeats/modified_HVKftb.jmx 
2018/01/08 23:25:25 INFO  - jmeter.save.SaveService: Testplan (JMX) version: 2.2. Testlog (JTL) version: 2.2 
2018/01/08 23:25:25 INFO  - jmeter.save.SaveService: Using SaveService properties file encoding UTF-8 
2018/01/08 23:25:25 INFO  - jmeter.save.SaveService: Using SaveService properties version 2.6 
2018/01/08 23:25:25 INFO  - jmeter.save.SaveService: Using SaveService properties file version 1554411 
2018/01/08 23:25:25 INFO  - jmeter.save.SaveService: All converter versions present and correct 
2018/01/08 23:25:25 INFO  - jmeter.protocol.http.sampler.HTTPSamplerBase: Cannot find .className property for htmlParser, using default 
2018/01/08 23:25:25 INFO  - jmeter.protocol.http.sampler.HTTPSamplerBase: Parser for text/html is  
2018/01/08 23:25:25 INFO  - jmeter.protocol.http.sampler.HTTPSamplerBase: Parser for application/xhtml+xml is  
2018/01/08 23:25:25 INFO  - jmeter.protocol.http.sampler.HTTPSamplerBase: Parser for application/xml is  
2018/01/08 23:25:25 INFO  - jmeter.protocol.http.sampler.HTTPSamplerBase: Parser for text/xml is  
2018/01/08 23:25:25 INFO  - jmeter.protocol.http.sampler.HTTPSamplerBase: Parser for text/vnd.wap.wml is org.apache.jmeter.protocol.http.parser.RegexpHTMLParser 
2018/01/08 23:25:25 INFO  - jmeter.JMeter: Creating summariser <summary> 
2018/01/08 23:25:25 INFO  - jmeter.engine.StandardJMeterEngine: Listeners will be started after enabling running version 
2018/01/08 23:25:25 INFO  - jmeter.engine.StandardJMeterEngine: To revert to the earlier behaviour, define jmeterengine.startlistenerslater=false 
2018/01/08 23:25:25 INFO  - jmeter.engine.StandardJMeterEngine: Running the test! 
2018/01/08 23:25:25 INFO  - jmeter.samplers.SampleEvent: List of sample_variables: [] 
2018/01/08 23:25:25 INFO  - jmeter.samplers.SampleEvent: List of sample_variables: [] 
2018/01/08 23:25:25 INFO  - jmeter.engine.util.CompoundVariable: Note: Function class names must contain the string: '.functions.' 
2018/01/08 23:25:25 INFO  - jmeter.engine.util.CompoundVariable: Note: Function class names must not contain the string: '.gui.' 
2018/01/08 23:25:26 INFO  - jmeter.JMeter: Running test (1515443126170) 
2018/01/08 23:25:26 INFO  - jmeter.engine.StandardJMeterEngine: Starting ThreadGroup: 1 : Thread Group 
2018/01/08 23:25:26 INFO  - jmeter.engine.StandardJMeterEngine: Starting 4 threads for group Thread Group. 
2018/01/08 23:25:26 INFO  - jmeter.engine.StandardJMeterEngine: Thread will continue on error 
2018/01/08 23:25:26 INFO  - jmeter.threads.ThreadGroup: Starting thread group number 1 threads 4 ramp-up 0 perThread 0.0 delayedStart=false 
2018/01/08 23:25:26 INFO  - jmeter.threads.JMeterThread: jmeterthread.startearlier=true (see jmeter.properties) 
2018/01/08 23:25:26 INFO  - jmeter.threads.JMeterThread: Running PostProcessors in forward order 
2018/01/08 23:25:26 INFO  - jmeter.threads.JMeterThread: Thread started: Thread Group 1-1 
2018/01/08 23:25:26 INFO  - jmeter.threads.JMeterThread: Thread started: Thread Group 1-2 
2018/01/08 23:25:26 INFO  - jmeter.protocol.http.sampler.HTTPHCAbstractImpl: Local host = iters-HP-Notebook 
2018/01/08 23:25:26 INFO  - jmeter.protocol.http.sampler.HTTPHC4Impl: HTTP request retry count = 0 
2018/01/08 23:25:26 INFO  - jmeter.threads.JMeterThread: Thread started: Thread Group 1-3 
2018/01/08 23:25:26 INFO  - jmeter.protocol.http.sampler.HTTPHC4Impl: Setting up HTTPS TrustAll scheme 
2018/01/08 23:25:26 INFO  - jmeter.util.JsseSSLManager: Using default SSL protocol: TLS 
2018/01/08 23:25:26 INFO  - jmeter.util.JsseSSLManager: SSL session context: per-thread 
2018/01/08 23:25:26 INFO  - jmeter.threads.ThreadGroup: Started thread group number 1 
2018/01/08 23:25:26 INFO  - jmeter.engine.StandardJMeterEngine: All thread groups have been started 
2018/01/08 23:25:26 INFO  - jmeter.threads.JMeterThread: Thread started: Thread Group 1-4 
2018/01/08 23:25:26 INFO  - jmeter.samplers.SampleResult: Note: Sample TimeStamps are START times 
2018/01/08 23:25:26 INFO  - jmeter.samplers.SampleResult: sampleresult.default.encoding is set to ISO-8859-1 
2018/01/08 23:25:26 INFO  - jmeter.samplers.SampleResult: sampleresult.useNanoTime=true 
2018/01/08 23:25:26 INFO  - jmeter.samplers.SampleResult: sampleresult.nanoThreadSleep=5000 
2018/01/08 23:25:30 INFO  - jmeter.reporters.Summariser: summary +    582 in   3,1s =  186,7/s Avg:    12 Min:     2 Max:   257 Err:   582 (100,00%) Active: 4 Started: 4 Finished: 0 
2018/01/08 23:26:00 INFO  - jmeter.reporters.Summariser: summary +  22230 in    30s =  740,7/s Avg:     3 Min:     0 Max:    55 Err: 22230 (100,00%) Active: 4 Started: 4 Finished: 0 
2018/01/08 23:26:00 INFO  - jmeter.reporters.Summariser: summary =  22812 in  33,1s =  688,8/s Avg:     3 Min:     0 Max:   257 Err: 22812 (100,00%) 
2018/01/08 23:26:30 INFO  - jmeter.reporters.Summariser: summary +  48713 in    30s = 1623,6/s Avg:     1 Min:     0 Max:    58 Err: 48713 (100,00%) Active: 4 Started: 4 Finished: 0 
2018/01/08 23:26:30 INFO  - jmeter.reporters.Summariser: summary =  71525 in  63,1s = 1133,1/s Avg:     2 Min:     0 Max:   257 Err: 71525 (100,00%) 
2018/01/08 23:27:00 INFO  - jmeter.reporters.Summariser: summary +  44802 in    30s = 1493,4/s Avg:     1 Min:     0 Max:    42 Err: 44802 (100,00%) Active: 4 Started: 4 Finished: 0 
2018/01/08 23:27:00 INFO  - jmeter.reporters.Summariser: summary = 116327 in  93,1s = 1249,2/s Avg:     2 Min:     0 Max:   257 Err: 116327 (100,00%) 
2018/01/08 23:27:30 INFO  - jmeter.reporters.Summariser: summary +  50551 in    30s = 1685,0/s Avg:     1 Min:     0 Max:    36 Err: 50551 (100,00%) Active: 4 Started: 4 Finished: 0 
2018/01/08 23:27:30 INFO  - jmeter.reporters.Summariser: summary = 166878 in   123s = 1355,4/s Avg:     1 Min:     0 Max:   257 Err: 166878 (100,00%) 
2018/01/08 23:27:30 INFO  - jmeter.reporters.ResultCollector: Shutdown hook started 
2018/01/08 23:27:30 INFO  - jmeter.reporters.ResultCollector: Shutdown hook ended 
