2018/01/08 01:24:10 INFO  - jmeter.util.JMeterUtils: Setting Locale to ru_RU 
2018/01/08 01:24:10 ERROR - jmeter.util.JMeterUtils: Could not find resources for 'ru_RU' 
2018/01/08 01:24:10 INFO  - jmeter.JMeter: Loading user properties from: /usr/share/jmeter/bin/user.properties 
2018/01/08 01:24:10 INFO  - jmeter.JMeter: Loading system properties from: /usr/share/jmeter/bin/system.properties 
2018/01/08 01:24:10 INFO  - jmeter.JMeter: Setting JMeter property: jmeter.save.saveservice.default_delimiter=\t 
2018/01/08 01:24:10 INFO  - jmeter.JMeter: Setting JMeter property: jmeter.save.saveservice.connect_time=true 
2018/01/08 01:24:10 INFO  - jmeter.JMeter: Copyright (c) 1998-2014 The Apache Software Foundation 
2018/01/08 01:24:10 INFO  - jmeter.JMeter: Version 2.11.20151206 
2018/01/08 01:24:10 INFO  - jmeter.JMeter: java.version=1.8.0_151 
2018/01/08 01:24:10 INFO  - jmeter.JMeter: java.vm.name=OpenJDK 64-Bit Server VM 
2018/01/08 01:24:10 INFO  - jmeter.JMeter: os.name=Linux 
2018/01/08 01:24:10 INFO  - jmeter.JMeter: os.arch=amd64 
2018/01/08 01:24:10 INFO  - jmeter.JMeter: os.version=4.4.0-79-generic 
2018/01/08 01:24:10 INFO  - jmeter.JMeter: file.encoding=UTF-8 
2018/01/08 01:24:10 INFO  - jmeter.JMeter: Default Locale=русский (Россия) 
2018/01/08 01:24:10 INFO  - jmeter.JMeter: JMeter  Locale=русский (Россия) 
2018/01/08 01:24:10 INFO  - jmeter.JMeter: JMeterHome=/usr/share/jmeter 
2018/01/08 01:24:10 INFO  - jmeter.JMeter: user.dir  =/home/iters/high-dynamic/1 thread/PUT_GET/3_3 replicas/overwrite 
2018/01/08 01:24:10 INFO  - jmeter.JMeter: PWD       =/home/iters/high-dynamic/1 thread/PUT_GET/3_3 replicas/overwrite 
2018/01/08 01:24:10 INFO  - jmeter.JMeter: IP: 127.0.1.1 Name: iters-HP-Notebook FullName: iters-HP-Notebook 
2018/01/08 01:24:10 INFO  - jmeter.services.FileServer: Default base='/home/iters/high-dynamic/1 thread/PUT_GET/3_3 replicas/overwrite' 
2018/01/08 01:24:10 INFO  - jmeter.services.FileServer: Set new base='/home/iters/high-dynamic/1 thread/PUT_GET/3_3 replicas/overwrite' 
2018/01/08 01:24:10 INFO  - jmeter.JMeter: Loading file: /home/iters/high-dynamic/1 thread/PUT_GET/3_3 replicas/overwrite/modified_WpHlyx.jmx 
2018/01/08 01:24:10 INFO  - jmeter.save.SaveService: Testplan (JMX) version: 2.2. Testlog (JTL) version: 2.2 
2018/01/08 01:24:10 INFO  - jmeter.save.SaveService: Using SaveService properties file encoding UTF-8 
2018/01/08 01:24:10 INFO  - jmeter.save.SaveService: Using SaveService properties version 2.6 
2018/01/08 01:24:10 INFO  - jmeter.save.SaveService: Using SaveService properties file version 1554411 
2018/01/08 01:24:10 INFO  - jmeter.save.SaveService: All converter versions present and correct 
2018/01/08 01:24:11 INFO  - jmeter.protocol.http.sampler.HTTPSamplerBase: Cannot find .className property for htmlParser, using default 
2018/01/08 01:24:11 INFO  - jmeter.protocol.http.sampler.HTTPSamplerBase: Parser for text/html is  
2018/01/08 01:24:11 INFO  - jmeter.protocol.http.sampler.HTTPSamplerBase: Parser for application/xhtml+xml is  
2018/01/08 01:24:11 INFO  - jmeter.protocol.http.sampler.HTTPSamplerBase: Parser for application/xml is  
2018/01/08 01:24:11 INFO  - jmeter.protocol.http.sampler.HTTPSamplerBase: Parser for text/xml is  
2018/01/08 01:24:11 INFO  - jmeter.protocol.http.sampler.HTTPSamplerBase: Parser for text/vnd.wap.wml is org.apache.jmeter.protocol.http.parser.RegexpHTMLParser 
2018/01/08 01:24:11 INFO  - jmeter.JMeter: Creating summariser <summary> 
2018/01/08 01:24:11 INFO  - jmeter.engine.StandardJMeterEngine: Listeners will be started after enabling running version 
2018/01/08 01:24:11 INFO  - jmeter.engine.StandardJMeterEngine: To revert to the earlier behaviour, define jmeterengine.startlistenerslater=false 
2018/01/08 01:24:11 INFO  - jmeter.engine.StandardJMeterEngine: Running the test! 
2018/01/08 01:24:11 INFO  - jmeter.samplers.SampleEvent: List of sample_variables: [] 
2018/01/08 01:24:11 INFO  - jmeter.samplers.SampleEvent: List of sample_variables: [] 
2018/01/08 01:24:11 INFO  - jmeter.engine.util.CompoundVariable: Note: Function class names must contain the string: '.functions.' 
2018/01/08 01:24:11 INFO  - jmeter.engine.util.CompoundVariable: Note: Function class names must not contain the string: '.gui.' 
2018/01/08 01:24:11 INFO  - jmeter.JMeter: Running test (1515363851666) 
2018/01/08 01:24:11 INFO  - jmeter.engine.StandardJMeterEngine: Starting ThreadGroup: 1 : Thread Group 
2018/01/08 01:24:11 INFO  - jmeter.engine.StandardJMeterEngine: Starting 1 threads for group Thread Group. 
2018/01/08 01:24:11 INFO  - jmeter.engine.StandardJMeterEngine: Thread will continue on error 
2018/01/08 01:24:11 INFO  - jmeter.threads.ThreadGroup: Starting thread group number 1 threads 1 ramp-up 0 perThread 0.0 delayedStart=false 
2018/01/08 01:24:11 INFO  - jmeter.threads.JMeterThread: jmeterthread.startearlier=true (see jmeter.properties) 
2018/01/08 01:24:11 INFO  - jmeter.threads.JMeterThread: Running PostProcessors in forward order 
2018/01/08 01:24:11 INFO  - jmeter.threads.ThreadGroup: Started thread group number 1 
2018/01/08 01:24:11 INFO  - jmeter.engine.StandardJMeterEngine: All thread groups have been started 
2018/01/08 01:24:11 INFO  - jmeter.threads.JMeterThread: Thread started: Thread Group 1-1 
2018/01/08 01:24:11 INFO  - jmeter.protocol.http.sampler.HTTPHCAbstractImpl: Local host = iters-HP-Notebook 
2018/01/08 01:24:11 INFO  - jmeter.protocol.http.sampler.HTTPHC4Impl: HTTP request retry count = 0 
2018/01/08 01:24:11 INFO  - jmeter.protocol.http.sampler.HTTPHC4Impl: Setting up HTTPS TrustAll scheme 
2018/01/08 01:24:11 INFO  - jmeter.util.JsseSSLManager: Using default SSL protocol: TLS 
2018/01/08 01:24:11 INFO  - jmeter.util.JsseSSLManager: SSL session context: per-thread 
2018/01/08 01:24:12 INFO  - jmeter.samplers.SampleResult: Note: Sample TimeStamps are START times 
2018/01/08 01:24:12 INFO  - jmeter.samplers.SampleResult: sampleresult.default.encoding is set to ISO-8859-1 
2018/01/08 01:24:12 INFO  - jmeter.samplers.SampleResult: sampleresult.useNanoTime=true 
2018/01/08 01:24:12 INFO  - jmeter.samplers.SampleResult: sampleresult.nanoThreadSleep=5000 
2018/01/08 01:24:30 INFO  - jmeter.reporters.Summariser: summary +   3455 in    18s =  195,0/s Avg:     3 Min:     1 Max:   252 Err:   164 (4,75%) Active: 1 Started: 1 Finished: 0 
2018/01/08 01:24:37 INFO  - jmeter.reporters.ResultCollector: Shutdown hook started 
2018/01/08 01:24:37 INFO  - jmeter.reporters.ResultCollector: Shutdown hook ended 
