[]
[]
[]
[]
[]
[]
[]
[]
[]
[]
[]
[]
[]
[]
[]
[]
[]
[]
[]
[]
[]
[]
[]
[]
[]
[]
[]
[]
[]
[]
[]
[]
[]
[]
[]
[]
[]
[]
[]
[]
[]
[]
[]
[]
[]
[]
[]
[]
[]
[]
[]
[]
[]
[]
[]
[]
[]
[]
[]
[]
[]
[]
[]
[]
[]
[]
[]
[]
[]
[]
[]
[]
[]
[]
[]
[]
[]
[]
[]
[]
[]
[]
[]
[]
[]
[]
[{"timestamp": 1515363861, "data": {"421aa90e079fa326b6494f812ad13e79": {"comment": "", "metrics": {"custom:cpu-cpu-total_usage_softirq": 1.8087855297143618, "custom:cpu-cpu-total_usage_guest": 0, "custom:diskio-sda3_reads": 0, "custom:diskio-sda1_reads": 0, "custom:diskio-sda4_write_bytes": 0, "custom:cpu-cpu-total_usage_system": 10.335917312653915, "custom:diskio-sda1_iops_in_progress": 0, "custom:diskio-sda3_write_bytes": 0, "custom:diskio-sda2_io_time": 0, "custom:diskio-sda1_write_bytes": 0, "custom:diskio-sda2_writes": 0, "custom:diskio-sda4_iops_in_progress": 0, "custom:diskio-sda4_write_time": 0, "custom:cpu-cpu-total_usage_nice": 0, "custom:diskio-sda5_read_bytes": 0, "custom:diskio-sda5_write_time": 0, "custom:diskio-sda5_writes": 0, "custom:diskio-sda3_iops_in_progress": 0, "custom:cpu-cpu-total_usage_irq": 0, "custom:diskio-sda1_writes": 0, "System_la15": 2.07, "custom:diskio-sda3_writes": 0, "System_int": 7188, "custom:diskio-sda4_read_bytes": 0, "custom:diskio-sda2_write_bytes": 0, "custom:diskio-sda3_read_bytes": 0, "custom:diskio-sda4_writes": 0, "System_forks": 27, "Memory_cached": 1684733952, "custom:diskio-sda5_write_bytes": 0, "custom:cpu-cpu-total_usage_user": 41.343669250627414, "custom:diskio-sda2_reads": 0, "System_la1": 1.48, "custom:diskio-sda3_write_time": 0, "System_csw": 11654, "System_la5": 1.73, "custom:diskio-sda1_read_time": 0, "custom:cpu-cpu-total_usage_steal": 0, "Memory_buff": 93175808, "custom:diskio-sda5_read_time": 0, "custom:diskio-sda3_read_time": 0, "Memory_used": 5716176896, "custom:diskio-sda5_reads": 0, "custom:diskio-sda2_read_bytes": 0, "Memory_free": 207847424, "custom:diskio-sda1_write_time": 0, "custom:diskio-sda2_write_time": 0, "custom:cpu-cpu-total_usage_idle": 46.25322997415146, "custom:diskio-sda4_io_time": 0, "custom:diskio-sda1_io_time": 0, "custom:cpu-cpu-total_usage_iowait": 0.25839793281649476, "custom:diskio-sda5_io_time": 0, "custom:diskio-sda1_read_bytes": 0, "custom:diskio-sda5_iops_in_progress": 0, "custom:diskio-sda4_read_time": 0, "custom:diskio-sda2_read_time": 0, "custom:diskio-sda4_reads": 0, "custom:diskio-sda2_iops_in_progress": 0, "custom:diskio-sda3_io_time": 0}}}}]
[]
[]
[{"timestamp": 1515363862, "data": {"421aa90e079fa326b6494f812ad13e79": {"comment": "", "metrics": {"custom:cpu-cpu-total_usage_softirq": 2.749999999999986, "custom:cpu-cpu-total_usage_guest": 0, "custom:diskio-sda3_reads": 0, "custom:diskio-sda1_reads": 0, "custom:diskio-sda4_write_bytes": 0, "custom:cpu-cpu-total_usage_system": 12.000000000000455, "custom:diskio-sda1_iops_in_progress": 0, "custom:diskio-sda3_write_bytes": 0, "custom:diskio-sda2_io_time": 0, "custom:diskio-sda1_write_bytes": 0, "custom:diskio-sda2_writes": 0, "custom:diskio-sda4_iops_in_progress": 0, "custom:diskio-sda4_write_time": 0, "custom:cpu-cpu-total_usage_nice": 0, "custom:diskio-sda5_read_bytes": 0, "custom:diskio-sda5_write_time": 0, "custom:diskio-sda2_iops_in_progress": 0, "custom:diskio-sda3_iops_in_progress": 0, "custom:cpu-cpu-total_usage_irq": 0, "custom:diskio-sda1_writes": 0, "System_la15": 2.07, "custom:diskio-sda3_writes": 0, "System_int": 6689, "custom:diskio-sda4_read_bytes": 0, "custom:diskio-sda2_write_bytes": 0, "custom:diskio-sda3_read_bytes": 0, "custom:diskio-sda4_writes": 0, "System_forks": 5, "Memory_cached": 1695154176, "custom:diskio-sda5_write_bytes": 0, "custom:cpu-cpu-total_usage_user": 45.499999999992724, "custom:diskio-sda2_reads": 0, "System_la1": 1.48, "custom:diskio-sda3_write_time": 0, "System_csw": 10925, "System_la5": 1.73, "custom:diskio-sda1_read_time": 0, "custom:cpu-cpu-total_usage_steal": 0, "Memory_buff": 93175808, "custom:diskio-sda5_read_time": 0, "custom:diskio-sda3_read_time": 0, "Memory_used": 5720854528, "custom:diskio-sda5_reads": 0, "custom:diskio-sda2_read_bytes": 0, "Memory_free": 192454656, "custom:diskio-sda1_write_time": 0, "custom:diskio-sda2_write_time": 0, "custom:cpu-cpu-total_usage_idle": 37.5, "custom:diskio-sda4_io_time": 0, "custom:diskio-sda1_io_time": 0, "custom:cpu-cpu-total_usage_iowait": 2.2500000000000853, "custom:diskio-sda5_io_time": 0, "custom:diskio-sda1_read_bytes": 0, "custom:diskio-sda5_iops_in_progress": 0, "custom:diskio-sda4_read_time": 0, "custom:diskio-sda2_read_time": 0, "custom:diskio-sda4_reads": 0, "custom:diskio-sda5_writes": 0, "custom:diskio-sda3_io_time": 0}}}}, {"timestamp": 1515363863, "data": {"421aa90e079fa326b6494f812ad13e79": {"comment": "", "metrics": {"custom:cpu-cpu-total_usage_softirq": 2.2959183673480483, "custom:cpu-cpu-total_usage_guest": 0, "custom:diskio-sda3_reads": 0, "custom:diskio-sda1_reads": 0, "custom:diskio-sda4_write_bytes": 0, "custom:cpu-cpu-total_usage_system": 7.908163265308253, "custom:diskio-sda1_iops_in_progress": 0, "custom:diskio-sda3_write_bytes": 0, "custom:diskio-sda2_io_time": 0, "custom:diskio-sda1_write_bytes": 0, "custom:diskio-sda2_writes": 0, "custom:diskio-sda4_iops_in_progress": 0, "custom:diskio-sda4_write_time": 0, "custom:cpu-cpu-total_usage_nice": 0, "custom:diskio-sda5_read_bytes": 0, "custom:diskio-sda5_write_time": 0, "custom:diskio-sda5_writes": 0, "custom:diskio-sda3_iops_in_progress": 0, "custom:cpu-cpu-total_usage_irq": 0, "custom:diskio-sda1_writes": 0, "System_la15": 2.07, "custom:diskio-sda3_writes": 0, "System_int": 7197, "custom:diskio-sda4_read_bytes": 0, "custom:diskio-sda2_write_bytes": 0, "custom:diskio-sda3_read_bytes": 0, "custom:diskio-sda4_writes": 0, "System_forks": 6, "Memory_cached": 1697411072, "custom:diskio-sda5_write_bytes": 0, "custom:cpu-cpu-total_usage_user": 38.77551020411004, "custom:diskio-sda2_reads": 0, "System_la1": 1.48, "custom:diskio-sda3_write_time": 0, "System_csw": 12247, "System_la5": 1.73, "custom:diskio-sda1_read_time": 0, "custom:cpu-cpu-total_usage_steal": 0, "Memory_buff": 93175808, "custom:diskio-sda5_read_time": 0, "custom:diskio-sda3_read_time": 0, "Memory_used": 5727195136, "custom:diskio-sda5_reads": 0, "custom:diskio-sda2_read_bytes": 0, "Memory_free": 183545856, "custom:diskio-sda1_write_time": 0, "custom:diskio-sda2_write_time": 0, "custom:cpu-cpu-total_usage_idle": 50.76530612246602, "custom:diskio-sda4_io_time": 0, "custom:diskio-sda1_io_time": 0, "custom:cpu-cpu-total_usage_iowait": 0.25510204081620813, "custom:diskio-sda5_io_time": 0, "custom:diskio-sda1_read_bytes": 0, "custom:diskio-sda5_iops_in_progress": 0, "custom:diskio-sda4_read_time": 0, "custom:diskio-sda2_read_time": 0, "custom:diskio-sda4_reads": 0, "custom:diskio-sda2_iops_in_progress": 0, "custom:diskio-sda3_io_time": 0}}}}]
[]
[]
[]
[{"timestamp": 1515363864, "data": {"421aa90e079fa326b6494f812ad13e79": {"comment": "", "metrics": {"custom:cpu-cpu-total_usage_softirq": 2.010050251256459, "custom:cpu-cpu-total_usage_guest": 0, "custom:diskio-sda3_reads": 0, "custom:diskio-sda1_reads": 0, "custom:diskio-sda4_write_bytes": 0, "custom:cpu-cpu-total_usage_system": 8.291457286434099, "custom:diskio-sda1_iops_in_progress": 0, "custom:diskio-sda3_write_bytes": 0, "custom:diskio-sda2_io_time": 0, "custom:diskio-sda1_write_bytes": 0, "custom:diskio-sda2_writes": 0, "custom:diskio-sda4_iops_in_progress": 0, "custom:diskio-sda4_write_time": 0, "custom:cpu-cpu-total_usage_nice": 0, "custom:diskio-sda5_read_bytes": 0, "custom:diskio-sda5_write_time": 0, "custom:diskio-sda2_iops_in_progress": 0, "custom:diskio-sda3_iops_in_progress": 0, "custom:cpu-cpu-total_usage_irq": 0, "custom:diskio-sda1_writes": 0, "System_la15": 2.07, "custom:diskio-sda3_writes": 0, "System_int": 5922, "custom:diskio-sda4_read_bytes": 0, "custom:diskio-sda2_write_bytes": 0, "custom:diskio-sda3_read_bytes": 0, "custom:diskio-sda4_writes": 0, "System_forks": 6, "Memory_cached": 1701781504, "custom:diskio-sda5_write_bytes": 0, "custom:cpu-cpu-total_usage_user": 63.316582914567924, "custom:diskio-sda2_reads": 0, "System_la1": 1.48, "custom:diskio-sda3_write_time": 0, "System_csw": 10055, "System_la5": 1.73, "custom:diskio-sda1_read_time": 0, "custom:cpu-cpu-total_usage_steal": 0, "Memory_buff": 93179904, "custom:diskio-sda5_read_time": 0, "custom:diskio-sda3_read_time": 0, "Memory_used": 5728182272, "custom:diskio-sda5_reads": 0, "custom:diskio-sda2_read_bytes": 0, "Memory_free": 177872896, "custom:diskio-sda1_write_time": 0, "custom:diskio-sda2_write_time": 0, "custom:cpu-cpu-total_usage_idle": 26.13065326631076, "custom:diskio-sda4_io_time": 0, "custom:diskio-sda1_io_time": 0, "custom:cpu-cpu-total_usage_iowait": 0.25125628140719125, "custom:diskio-sda5_io_time": 0, "custom:diskio-sda1_read_bytes": 0, "custom:diskio-sda5_iops_in_progress": 0, "custom:diskio-sda4_read_time": 0, "custom:diskio-sda2_read_time": 0, "custom:diskio-sda4_reads": 0, "custom:diskio-sda5_writes": 0, "custom:diskio-sda3_io_time": 0}}}}, {"timestamp": 1515363865, "data": {"421aa90e079fa326b6494f812ad13e79": {"comment": "", "metrics": {"custom:cpu-cpu-total_usage_softirq": 2.27272727272786, "custom:cpu-cpu-total_usage_guest": 0, "custom:diskio-sda3_reads": 0, "custom:diskio-sda1_reads": 0, "custom:diskio-sda4_write_bytes": 0, "custom:cpu-cpu-total_usage_system": 7.828282828283176, "custom:diskio-sda1_iops_in_progress": 0, "custom:diskio-sda3_write_bytes": 0, "custom:diskio-sda2_io_time": 0, "custom:diskio-sda1_write_bytes": 0, "custom:diskio-sda2_writes": 0, "custom:diskio-sda4_iops_in_progress": 0, "custom:diskio-sda4_write_time": 0, "custom:cpu-cpu-total_usage_nice": 0, "custom:diskio-sda5_read_bytes": 0, "custom:diskio-sda5_write_time": 0, "custom:diskio-sda2_iops_in_progress": 0, "custom:diskio-sda3_iops_in_progress": 0, "custom:cpu-cpu-total_usage_irq": 0, "custom:diskio-sda1_writes": 0, "System_la15": 2.07, "custom:diskio-sda1_read_time": 0, "System_int": 6821, "custom:diskio-sda4_read_bytes": 0, "custom:diskio-sda2_write_bytes": 0, "custom:diskio-sda3_writes": 0, "custom:diskio-sda3_read_bytes": 0, "custom:diskio-sda4_writes": 0, "System_forks": 6, "Memory_cached": 1701978112, "custom:diskio-sda5_write_bytes": 0, "custom:cpu-cpu-total_usage_user": 52.02020202022359, "custom:diskio-sda2_reads": 0, "System_la1": 1.44, "custom:diskio-sda3_write_time": 0, "System_csw": 12270, "System_la5": 1.72, "custom:cpu-cpu-total_usage_steal": 0, "Memory_buff": 93179904, "custom:diskio-sda5_read_time": 0, "custom:diskio-sda3_read_time": 0, "Memory_used": 5740281856, "custom:diskio-sda5_reads": 0, "custom:diskio-sda2_read_bytes": 0, "Memory_free": 165289984, "custom:diskio-sda1_write_time": 0, "custom:diskio-sda2_write_time": 0, "custom:cpu-cpu-total_usage_idle": 37.87878787879623, "custom:diskio-sda4_io_time": 0, "custom:diskio-sda1_io_time": 0, "custom:cpu-cpu-total_usage_iowait": 0, "custom:diskio-sda5_io_time": 0, "custom:diskio-sda1_read_bytes": 0, "custom:diskio-sda5_iops_in_progress": 0, "custom:diskio-sda4_read_time": 0, "custom:diskio-sda2_read_time": 0, "custom:diskio-sda4_reads": 0, "custom:diskio-sda5_writes": 0, "custom:diskio-sda3_io_time": 0}}}}]
[]
[]
[]
[{"timestamp": 1515363866, "data": {"421aa90e079fa326b6494f812ad13e79": {"comment": "", "metrics": {"custom:cpu-cpu-total_usage_softirq": 1.7857142857136126, "custom:cpu-cpu-total_usage_guest": 0, "custom:diskio-sda3_reads": 0, "custom:diskio-sda1_reads": 0, "custom:diskio-sda4_write_bytes": 0, "custom:cpu-cpu-total_usage_system": 8.418367346935757, "custom:diskio-sda1_iops_in_progress": 0, "custom:diskio-sda3_write_bytes": 0, "custom:diskio-sda2_io_time": 0, "custom:diskio-sda1_write_bytes": 0, "custom:diskio-sda2_writes": 0, "custom:diskio-sda4_iops_in_progress": 0, "custom:diskio-sda4_write_time": 0, "custom:cpu-cpu-total_usage_nice": 0, "custom:diskio-sda5_read_bytes": 0, "custom:diskio-sda5_write_time": 0, "custom:diskio-sda5_writes": 0, "custom:diskio-sda3_iops_in_progress": 0, "custom:cpu-cpu-total_usage_irq": 0, "custom:diskio-sda1_writes": 0, "System_la15": 2.07, "custom:diskio-sda3_writes": 0, "System_int": 7408, "custom:diskio-sda4_read_bytes": 0, "custom:diskio-sda2_write_bytes": 0, "custom:diskio-sda3_read_bytes": 0, "custom:diskio-sda4_writes": 0, "System_forks": 8, "Memory_cached": 1702035456, "custom:diskio-sda5_write_bytes": 0, "custom:cpu-cpu-total_usage_user": 52.04081632650457, "custom:diskio-sda2_reads": 0, "System_la1": 1.44, "custom:diskio-sda3_write_time": 0, "System_csw": 12806, "System_la5": 1.72, "custom:diskio-sda1_read_time": 0, "custom:cpu-cpu-total_usage_steal": 0, "Memory_buff": 93179904, "custom:diskio-sda5_read_time": 0, "custom:diskio-sda3_read_time": 0, "Memory_used": 5745057792, "custom:diskio-sda5_reads": 0, "custom:diskio-sda2_read_bytes": 0, "Memory_free": 160010240, "custom:diskio-sda1_write_time": 0, "custom:diskio-sda2_write_time": 0, "custom:cpu-cpu-total_usage_idle": 37.75510204083337, "custom:diskio-sda4_io_time": 0, "custom:diskio-sda1_io_time": 0, "custom:cpu-cpu-total_usage_iowait": 0, "custom:diskio-sda5_io_time": 0, "custom:diskio-sda1_read_bytes": 0, "custom:diskio-sda5_iops_in_progress": 0, "custom:diskio-sda4_read_time": 0, "custom:diskio-sda2_read_time": 0, "custom:diskio-sda4_reads": 0, "custom:diskio-sda2_iops_in_progress": 0, "custom:diskio-sda3_io_time": 0}}}}, {"timestamp": 1515363867, "data": {"421aa90e079fa326b6494f812ad13e79": {"comment": "", "metrics": {"custom:cpu-cpu-total_usage_softirq": 2.3076923076933222, "custom:cpu-cpu-total_usage_guest": 0, "custom:diskio-sda3_reads": 0, "custom:diskio-sda1_reads": 0, "custom:diskio-sda4_write_bytes": 0, "custom:cpu-cpu-total_usage_system": 8.717948717954414, "custom:diskio-sda1_iops_in_progress": 0, "custom:diskio-sda3_write_bytes": 0, "custom:diskio-sda2_io_time": 0, "custom:diskio-sda1_write_bytes": 0, "custom:diskio-sda2_writes": 0, "custom:diskio-sda4_iops_in_progress": 0, "custom:diskio-sda4_write_time": 0, "custom:cpu-cpu-total_usage_nice": 0, "custom:diskio-sda5_read_bytes": 0, "custom:diskio-sda5_write_time": 0, "custom:diskio-sda2_iops_in_progress": 0, "custom:diskio-sda3_iops_in_progress": 0, "custom:cpu-cpu-total_usage_irq": 0, "custom:diskio-sda1_writes": 0, "System_la15": 2.07, "custom:diskio-sda1_read_time": 0, "System_int": 7249, "custom:diskio-sda4_read_bytes": 0, "custom:diskio-sda2_write_bytes": 0, "custom:diskio-sda3_writes": 0, "custom:diskio-sda3_read_bytes": 0, "custom:diskio-sda4_writes": 0, "System_forks": 7, "Memory_cached": 1702088704, "custom:diskio-sda5_write_bytes": 0, "custom:cpu-cpu-total_usage_user": 38.97435897436866, "custom:diskio-sda2_reads": 0, "System_la1": 1.44, "custom:diskio-sda3_write_time": 0, "System_csw": 12007, "System_la5": 1.72, "custom:cpu-cpu-total_usage_steal": 0, "Memory_buff": 93179904, "custom:diskio-sda5_read_time": 0, "custom:diskio-sda3_read_time": 0, "Memory_used": 5754576896, "custom:diskio-sda5_reads": 0, "custom:diskio-sda2_read_bytes": 0, "Memory_free": 149958656, "custom:diskio-sda1_write_time": 0, "custom:diskio-sda2_write_time": 0, "custom:cpu-cpu-total_usage_idle": 50, "custom:diskio-sda4_io_time": 0, "custom:diskio-sda1_io_time": 0, "custom:cpu-cpu-total_usage_iowait": 0, "custom:diskio-sda5_io_time": 0, "custom:diskio-sda1_read_bytes": 0, "custom:diskio-sda5_iops_in_progress": 0, "custom:diskio-sda4_read_time": 0, "custom:diskio-sda2_read_time": 0, "custom:diskio-sda4_reads": 0, "custom:diskio-sda5_writes": 0, "custom:diskio-sda3_io_time": 0}}}}]
[]
[]
[]
[{"timestamp": 1515363868, "data": {"421aa90e079fa326b6494f812ad13e79": {"comment": "", "metrics": {"custom:cpu-cpu-total_usage_softirq": 1.995012468826874, "custom:cpu-cpu-total_usage_guest": 0, "custom:diskio-sda3_reads": 0, "custom:diskio-sda1_reads": 0, "custom:diskio-sda4_write_bytes": 0, "custom:cpu-cpu-total_usage_system": 8.97755610971863, "custom:diskio-sda1_iops_in_progress": 0, "custom:diskio-sda3_write_bytes": 0, "custom:diskio-sda2_io_time": 0, "custom:diskio-sda1_write_bytes": 0, "custom:diskio-sda2_writes": 0, "custom:diskio-sda4_iops_in_progress": 0, "custom:diskio-sda4_write_time": 0, "custom:cpu-cpu-total_usage_nice": 0, "custom:diskio-sda5_read_bytes": 0, "custom:diskio-sda5_write_time": 0, "custom:diskio-sda2_iops_in_progress": 0, "custom:diskio-sda3_iops_in_progress": 0, "custom:cpu-cpu-total_usage_irq": 0, "custom:diskio-sda1_writes": 0, "System_la15": 2.07, "custom:diskio-sda1_read_time": 0, "System_int": 6744, "custom:diskio-sda4_read_bytes": 0, "custom:diskio-sda2_write_bytes": 0, "custom:diskio-sda3_writes": 0, "custom:diskio-sda3_read_bytes": 0, "custom:diskio-sda4_writes": 0, "System_forks": 6, "Memory_cached": 1702150144, "custom:diskio-sda5_write_bytes": 0, "custom:cpu-cpu-total_usage_user": 58.852867830408556, "custom:diskio-sda2_reads": 0, "System_la1": 1.44, "custom:diskio-sda3_write_time": 0, "System_csw": 11274, "System_la5": 1.72, "custom:cpu-cpu-total_usage_steal": 0, "Memory_buff": 93179904, "custom:diskio-sda5_read_time": 0, "custom:diskio-sda3_read_time": 0, "Memory_used": 5757931520, "custom:diskio-sda5_reads": 0, "custom:diskio-sda2_read_bytes": 0, "Memory_free": 146100224, "custom:diskio-sda1_write_time": 0, "custom:diskio-sda2_write_time": 0, "custom:cpu-cpu-total_usage_idle": 30.1745635910307, "custom:diskio-sda4_io_time": 0, "custom:diskio-sda1_io_time": 0, "custom:cpu-cpu-total_usage_iowait": 0, "custom:diskio-sda5_io_time": 0, "custom:diskio-sda1_read_bytes": 0, "custom:diskio-sda5_iops_in_progress": 0, "custom:diskio-sda4_read_time": 0, "custom:diskio-sda2_read_time": 0, "custom:diskio-sda4_reads": 0, "custom:diskio-sda5_writes": 0, "custom:diskio-sda3_io_time": 0}}}}, {"timestamp": 1515363869, "data": {"421aa90e079fa326b6494f812ad13e79": {"comment": "", "metrics": {"custom:cpu-cpu-total_usage_softirq": 3.0927835051539443, "custom:cpu-cpu-total_usage_guest": 0, "custom:diskio-sda3_reads": 0, "custom:diskio-sda1_reads": 0, "custom:diskio-sda4_write_bytes": 0, "custom:cpu-cpu-total_usage_system": 9.02061855669925, "custom:diskio-sda1_iops_in_progress": 0, "custom:diskio-sda3_write_bytes": 0, "custom:diskio-sda2_io_time": 0, "custom:diskio-sda1_write_bytes": 0, "custom:diskio-sda2_writes": 0, "custom:diskio-sda4_iops_in_progress": 0, "custom:diskio-sda4_write_time": 0, "custom:cpu-cpu-total_usage_nice": 0, "custom:diskio-sda5_read_bytes": 0, "custom:diskio-sda5_write_time": 0, "custom:diskio-sda5_writes": 0, "custom:diskio-sda3_iops_in_progress": 0, "custom:cpu-cpu-total_usage_irq": 0, "custom:diskio-sda1_writes": 0, "System_la15": 2.07, "custom:diskio-sda3_writes": 0, "System_int": 7699, "custom:diskio-sda4_read_bytes": 0, "custom:diskio-sda2_write_bytes": 0, "custom:diskio-sda3_read_bytes": 0, "custom:diskio-sda4_writes": 0, "System_forks": 6, "Memory_cached": 1702207488, "custom:diskio-sda5_write_bytes": 0, "custom:cpu-cpu-total_usage_user": 34.020618556684596, "custom:diskio-sda2_reads": 0, "System_la1": 1.44, "custom:diskio-sda3_write_time": 0, "System_csw": 12721, "System_la5": 1.72, "custom:diskio-sda1_read_time": 0, "custom:cpu-cpu-total_usage_steal": 0, "Memory_buff": 93179904, "custom:diskio-sda5_read_time": 0, "custom:diskio-sda3_read_time": 0, "Memory_used": 5758926848, "custom:diskio-sda5_reads": 0, "custom:diskio-sda2_read_bytes": 0, "Memory_free": 144560128, "custom:diskio-sda1_write_time": 0, "custom:diskio-sda2_write_time": 0, "custom:cpu-cpu-total_usage_idle": 53.86597938143291, "custom:diskio-sda4_io_time": 0, "custom:diskio-sda1_io_time": 0, "custom:cpu-cpu-total_usage_iowait": 0, "custom:diskio-sda5_io_time": 0, "custom:diskio-sda1_read_bytes": 0, "custom:diskio-sda5_iops_in_progress": 0, "custom:diskio-sda4_read_time": 0, "custom:diskio-sda2_read_time": 0, "custom:diskio-sda4_reads": 0, "custom:diskio-sda2_iops_in_progress": 0, "custom:diskio-sda3_io_time": 0}}}}, {"timestamp": 1515363870, "data": {"421aa90e079fa326b6494f812ad13e79": {"comment": "", "metrics": {"custom:cpu-cpu-total_usage_softirq": 2.284263959393818, "custom:cpu-cpu-total_usage_guest": 0, "custom:diskio-sda3_reads": 0, "custom:diskio-sda1_reads": 0, "custom:diskio-sda4_write_bytes": 0, "custom:cpu-cpu-total_usage_system": 8.375634517778053, "custom:diskio-sda1_iops_in_progress": 0, "custom:diskio-sda3_write_bytes": 0, "custom:diskio-sda2_io_time": 0, "custom:diskio-sda1_write_bytes": 0, "custom:diskio-sda2_writes": 0, "custom:diskio-sda4_iops_in_progress": 0, "custom:diskio-sda4_write_time": 0, "custom:cpu-cpu-total_usage_nice": 0, "custom:diskio-sda5_read_bytes": 0, "custom:diskio-sda5_write_time": 0, "custom:diskio-sda2_iops_in_progress": 0, "custom:diskio-sda3_iops_in_progress": 0, "custom:cpu-cpu-total_usage_irq": 0, "custom:diskio-sda1_writes": 0, "System_la15": 2.07, "custom:diskio-sda3_writes": 0, "System_int": 6859, "custom:diskio-sda4_read_bytes": 0, "custom:diskio-sda2_write_bytes": 0, "custom:diskio-sda3_read_bytes": 0, "custom:diskio-sda4_writes": 0, "System_forks": 6, "Memory_cached": 1680785408, "custom:diskio-sda5_write_bytes": 0, "custom:cpu-cpu-total_usage_user": 67.51269035541104, "custom:diskio-sda2_reads": 0, "System_la1": 1.49, "custom:diskio-sda3_write_time": 0, "System_csw": 13410, "System_la5": 1.72, "custom:diskio-sda1_read_time": 0, "custom:cpu-cpu-total_usage_steal": 0, "Memory_buff": 92807168, "custom:diskio-sda5_read_time": 0, "custom:diskio-sda3_read_time": 0, "Memory_used": 5781741568, "custom:diskio-sda5_reads": 0, "custom:diskio-sda2_read_bytes": 0, "Memory_free": 142594048, "custom:diskio-sda1_write_time": 0, "custom:diskio-sda2_write_time": 0, "custom:cpu-cpu-total_usage_idle": 21.827411167508707, "custom:diskio-sda4_io_time": 0, "custom:diskio-sda1_io_time": 0, "custom:cpu-cpu-total_usage_iowait": 0, "custom:diskio-sda5_io_time": 0, "custom:diskio-sda1_read_bytes": 0, "custom:diskio-sda5_iops_in_progress": 0, "custom:diskio-sda4_read_time": 0, "custom:diskio-sda2_read_time": 0, "custom:diskio-sda4_reads": 0, "custom:diskio-sda5_writes": 0, "custom:diskio-sda3_io_time": 0}}}}]
[]
[]
[]
[]
[]
[{"timestamp": 1515363871, "data": {"421aa90e079fa326b6494f812ad13e79": {"comment": "", "metrics": {"custom:cpu-cpu-total_usage_softirq": 1.5463917525755222, "custom:cpu-cpu-total_usage_guest": 0, "custom:diskio-sda3_reads": 0, "custom:diskio-sda1_reads": 0, "custom:diskio-sda4_write_bytes": 0, "custom:cpu-cpu-total_usage_system": 11.340206185551876, "custom:diskio-sda1_iops_in_progress": 0, "custom:diskio-sda3_write_bytes": 0, "custom:diskio-sda2_io_time": 0, "custom:diskio-sda1_write_bytes": 0, "custom:diskio-sda2_writes": 0, "custom:diskio-sda4_iops_in_progress": 0, "custom:diskio-sda4_write_time": 0, "custom:cpu-cpu-total_usage_nice": 0, "custom:diskio-sda5_read_bytes": 0, "custom:diskio-sda5_write_time": 0, "custom:diskio-sda2_iops_in_progress": 0, "custom:diskio-sda3_iops_in_progress": 0, "custom:cpu-cpu-total_usage_irq": 0, "custom:diskio-sda1_writes": 0, "System_la15": 2.07, "custom:diskio-sda1_read_time": 0, "System_int": 8257, "custom:diskio-sda4_read_bytes": 0, "custom:diskio-sda2_write_bytes": 0, "custom:diskio-sda3_writes": 0, "custom:diskio-sda3_read_bytes": 0, "custom:diskio-sda4_writes": 0, "System_forks": 22, "Memory_cached": 1670684672, "custom:diskio-sda5_write_bytes": 0, "custom:cpu-cpu-total_usage_user": 65.46391752569369, "custom:diskio-sda2_reads": 0, "System_la1": 1.49, "custom:diskio-sda3_write_time": 0, "System_csw": 14254, "System_la5": 1.72, "custom:cpu-cpu-total_usage_steal": 0, "Memory_buff": 92786688, "custom:diskio-sda5_read_time": 0, "custom:diskio-sda3_read_time": 0, "Memory_used": 5786271744, "custom:diskio-sda5_reads": 0, "custom:diskio-sda2_read_bytes": 0, "Memory_free": 147939328, "custom:diskio-sda1_write_time": 0, "custom:diskio-sda2_write_time": 0, "custom:cpu-cpu-total_usage_idle": 20.61855670103431, "custom:diskio-sda4_io_time": 0, "custom:diskio-sda1_io_time": 0, "custom:cpu-cpu-total_usage_iowait": 1.030927835050104, "custom:diskio-sda5_io_time": 0, "custom:diskio-sda1_read_bytes": 0, "custom:diskio-sda5_iops_in_progress": 0, "custom:diskio-sda4_read_time": 0, "custom:diskio-sda2_read_time": 0, "custom:diskio-sda4_reads": 0, "custom:diskio-sda5_writes": 0, "custom:diskio-sda3_io_time": 0}}}}, {"timestamp": 1515363872, "data": {"421aa90e079fa326b6494f812ad13e79": {"comment": "", "metrics": {"custom:cpu-cpu-total_usage_softirq": 2.0100502512582965, "custom:cpu-cpu-total_usage_guest": 0, "custom:diskio-sda3_reads": 0, "custom:diskio-sda1_reads": 0, "custom:diskio-sda4_write_bytes": 0, "custom:cpu-cpu-total_usage_system": 12.060301507550493, "custom:diskio-sda1_iops_in_progress": 0, "custom:diskio-sda3_write_bytes": 0, "custom:diskio-sda2_io_time": 0, "custom:diskio-sda1_write_bytes": 0, "custom:diskio-sda2_writes": 0, "custom:diskio-sda4_iops_in_progress": 0, "custom:diskio-sda4_write_time": 0, "custom:cpu-cpu-total_usage_nice": 0, "custom:diskio-sda5_read_bytes": 0, "custom:diskio-sda5_write_time": 0, "custom:diskio-sda2_iops_in_progress": 0, "custom:diskio-sda3_iops_in_progress": 0, "custom:cpu-cpu-total_usage_irq": 0, "custom:diskio-sda1_writes": 0, "System_la15": 2.07, "custom:diskio-sda3_writes": 0, "System_int": 5806, "custom:diskio-sda4_read_bytes": 0, "custom:diskio-sda2_write_bytes": 0, "custom:diskio-sda3_read_bytes": 0, "custom:diskio-sda4_writes": 0, "System_forks": 9, "Memory_cached": 1676521472, "custom:diskio-sda5_write_bytes": 0, "custom:cpu-cpu-total_usage_user": 69.84924623122089, "custom:diskio-sda2_reads": 0, "System_la1": 1.49, "custom:diskio-sda3_write_time": 0, "System_csw": 11620, "System_la5": 1.72, "custom:diskio-sda1_read_time": 0, "custom:cpu-cpu-total_usage_steal": 0, "Memory_buff": 92794880, "custom:diskio-sda5_read_time": 0, "custom:diskio-sda3_read_time": 0, "Memory_used": 5790277632, "custom:diskio-sda5_reads": 0, "custom:diskio-sda2_read_bytes": 0, "Memory_free": 137654272, "custom:diskio-sda1_write_time": 0, "custom:diskio-sda2_write_time": 0, "custom:cpu-cpu-total_usage_idle": 16.08040201005209, "custom:diskio-sda4_io_time": 0, "custom:diskio-sda1_io_time": 0, "custom:cpu-cpu-total_usage_iowait": 0, "custom:diskio-sda5_io_time": 0, "custom:diskio-sda1_read_bytes": 0, "custom:diskio-sda5_iops_in_progress": 0, "custom:diskio-sda4_read_time": 0, "custom:diskio-sda2_read_time": 0, "custom:diskio-sda4_reads": 0, "custom:diskio-sda5_writes": 0, "custom:diskio-sda3_io_time": 0}}}}]
[]
